<?xml version="1.0" encoding="UTF-8"?>
<!-- Generated by org.testng.reporters.JUnitReportReporter -->
<testsuite hostname="Roberto.local" name="com.test.seleniumTest.TestClass2" tests="1" failures="0" timestamp="3 Sep 2021 04:26:01 GMT" time="21.373" errors="0">
  <testcase name="run" time="21.373" classname="com.test.seleniumTest.TestClass2"/>
</testsuite> <!-- com.test.seleniumTest.TestClass2 -->
