<?xml version="1.0" encoding="UTF-8"?>
<!-- Generated by org.testng.reporters.JUnitReportReporter -->
<testsuite hostname="Roberto.local" name="com.test.seleniumTest.SeleniumTest" tests="1" failures="0" timestamp="2 Sep 2021 23:36:39 GMT" time="16.523" errors="0">
  <testcase name="test" time="16.523" classname="com.test.seleniumTest.SeleniumTest"/>
</testsuite> <!-- com.test.seleniumTest.SeleniumTest -->
