<?xml version="1.0" encoding="UTF-8"?>
<!-- Generated by org.testng.reporters.JUnitReportReporter -->
<testsuite hostname="Roberto.local" name="com.test.seleniumTest.TestClass1" tests="1" failures="0" timestamp="3 Sep 2021 07:21:49 GMT" time="22.140" errors="0">
  <testcase name="run" time="22.140" classname="com.test.seleniumTest.TestClass1"/>
</testsuite> <!-- com.test.seleniumTest.TestClass1 -->
