<?xml version="1.0" encoding="UTF-8"?>
<!-- Generated by org.testng.reporters.JUnitReportReporter -->
<testsuite hostname="Roberto.local" name="com.test.seleniumTest.SeleniumTest" tests="1" failures="0" timestamp="1 Sep 2021 23:29:18 GMT" time="4.657" errors="0">
  <testcase name="signUp" time="4.657" classname="com.test.seleniumTest.SeleniumTest"/>
</testsuite> <!-- com.test.seleniumTest.SeleniumTest -->
