<?xml version="1.0" encoding="UTF-8"?>
<!-- Generated by org.testng.reporters.JUnitReportReporter -->
<testsuite hostname="Roberto.local" name="com.test.seleniumTest.SeleniumTest" tests="1" failures="0" timestamp="2 Sep 2021 02:02:58 GMT" time="3.283" errors="0">
  <testcase name="signUp" time="3.283" classname="com.test.seleniumTest.SeleniumTest"/>
</testsuite> <!-- com.test.seleniumTest.SeleniumTest -->
