<?xml version="1.0" encoding="UTF-8"?>
<!-- Generated by org.testng.reporters.JUnitReportReporter -->
<testsuite hostname="Roberto.local" name="com.test.seleniumTest.Safari" tests="1" failures="0" timestamp="2 Sep 2021 22:33:23 GMT" time="14.661" errors="0">
  <testcase name="test" time="14.661" classname="com.test.seleniumTest.Safari"/>
</testsuite> <!-- com.test.seleniumTest.Safari -->
